2020-09-29T03:07:06.316Z - info: [ImportOrganizer] Starting up ImportOrganizer.
2020-09-29T03:11:55.629Z - info: [ImportOrganizer] Stopping ImportOrganizer.
2020-09-29T03:17:21.835Z - info: [ImportOrganizer] Starting up ImportOrganizer.
2020-09-29T03:25:57.926Z - info: [ImportOrganizer] Stopping ImportOrganizer.
2020-09-29T03:26:25.349Z - info: [ImportOrganizer] Starting up ImportOrganizer.
2020-09-29T03:27:02.571Z - info: [ImportOrganizer] Stopping ImportOrganizer.
2020-09-29T03:27:13.974Z - info: [ImportOrganizer] Starting up ImportOrganizer.
2020-09-29T03:30:07.533Z - info: [ImportOrganizer] Stopping ImportOrganizer.
2020-09-29T03:30:31.666Z - info: [ImportOrganizer] Starting up ImportOrganizer.
2020-09-29T03:41:25.946Z - info: [ImportOrganizer] Stopping ImportOrganizer.
2020-09-29T03:41:48.789Z - info: [ImportOrganizer] Starting up ImportOrganizer.
2020-09-29T03:55:51.034Z - info: [ImportOrganizer] Stopping ImportOrganizer.
2020-09-29T03:56:10.086Z - info: [ImportOrganizer] Starting up ImportOrganizer.
2020-09-29T03:58:42.681Z - info: [ImportOrganizer] Stopping ImportOrganizer.
2020-09-29T03:59:01.159Z - info: [ImportOrganizer] Starting up ImportOrganizer.
2020-09-29T05:46:22.408Z - info: [ImportOrganizer] Stopping ImportOrganizer.
2020-09-29T05:46:43.342Z - info: [ImportOrganizer] Starting up ImportOrganizer.
2020-09-29T05:47:01.240Z - info: [ImportOrganizer] Stopping ImportOrganizer.
2020-09-29T05:52:20.069Z - info: [ImportOrganizer] Starting up ImportOrganizer.
2020-09-29T05:55:05.295Z - info: [ImportOrganizer] Stopping ImportOrganizer.
2020-09-29T05:55:19.091Z - info: [ImportOrganizer] Starting up ImportOrganizer.
2020-09-29T07:30:58.755Z - info: [ImportOrganizer] Stopping ImportOrganizer.
2020-09-30T00:25:50.422Z - info: [ImportOrganizer] Starting up ImportOrganizer.
2020-09-30T00:33:05.870Z - info: [ImportOrganizer] Stopping ImportOrganizer.
2020-09-30T08:40:40.197Z - info: [ImportOrganizer] Starting up ImportOrganizer.
2020-09-30T08:51:57.800Z - info: [ImportOrganizer] Stopping ImportOrganizer.
2020-10-04T01:10:49.758Z - info: [ImportOrganizer] Starting up ImportOrganizer.
2020-10-09T03:29:36.393Z - info: [ImportOrganizer] Starting up ImportOrganizer.
2020-10-09T03:35:35.097Z - info: [ImportOrganizer] Stopping ImportOrganizer.
2020-10-09T03:36:58.002Z - info: [ImportOrganizer] Starting up ImportOrganizer.
2020-10-09T04:09:18.505Z - info: [ImportOrganizer] Stopping ImportOrganizer.
2020-10-09T04:12:13.780Z - info: [ImportOrganizer] Starting up ImportOrganizer.
2020-10-09T04:50:54.094Z - info: [ImportOrganizer] Stopping ImportOrganizer.
2020-10-09T05:25:20.224Z - info: [ImportOrganizer] Starting up ImportOrganizer.
2020-10-09T05:51:54.501Z - info: [ImportOrganizer] Stopping ImportOrganizer.
2020-10-10T02:34:04.044Z - info: [ImportOrganizer] Starting up ImportOrganizer.
2020-10-10T07:18:40.130Z - info: [ImportOrganizer] Stopping ImportOrganizer.
2020-10-12T00:04:18.315Z - info: [ImportOrganizer] Starting up ImportOrganizer.
2020-10-12T01:22:15.576Z - info: [ImportOrganizer] Starting up ImportOrganizer.
2020-10-12T02:32:00.328Z - info: [ImportOrganizer] Stopping ImportOrganizer.
{"error":{"errno":"ECONNRESET","code":"ECONNRESET","syscall":"read"},"level":"error","message":"uncaughtException: read ECONNRESET\nError: read ECONNRESET\n    at Pipe.onStreamRead (internal/stream_base_commons.js:200:27)","stack":"Error: read ECONNRESET\n    at Pipe.onStreamRead (internal/stream_base_commons.js:200:27)","exception":true,"date":"Mon Oct 12 2020 10:32:00 GMT+0800 (中国标准时间)","process":{"pid":5366,"uid":1000,"gid":1001,"cwd":"/home/lietu/Desktop/xuexi2020/websocket","execPath":"/opt/visual-studio-code/code","version":"v12.14.1","argv":["/opt/visual-studio-code/code","/opt/visual-studio-code/resources/app/out/bootstrap-fork","--type=extensionHost"],"memoryUsage":{"rss":483033088,"heapTotal":370761728,"heapUsed":351318840,"external":38456926}},"os":{"loadavg":[2.0478515625,2.19677734375,2.203125],"uptime":9583},"trace":[{"column":27,"file":"internal/stream_base_commons.js","function":"Pipe.onStreamRead","line":200,"method":"onStreamRead","native":false}]}
2020-10-12T02:32:00.980Z - error: uncaughtException: read ECONNRESET
Error: read ECONNRESET
    at Pipe.onStreamRead (internal/stream_base_commons.js:200:27) {"error":{"errno":"ECONNRESET","code":"ECONNRESET","syscall":"read"},"stack":"Error: read ECONNRESET\n    at Pipe.onStreamRead (internal/stream_base_commons.js:200:27)","exception":true,"date":"Mon Oct 12 2020 10:32:00 GMT+0800 (中国标准时间)","process":{"pid":5366,"uid":1000,"gid":1001,"cwd":"/home/lietu/Desktop/xuexi2020/websocket","execPath":"/opt/visual-studio-code/code","version":"v12.14.1","argv":["/opt/visual-studio-code/code","/opt/visual-studio-code/resources/app/out/bootstrap-fork","--type=extensionHost"],"memoryUsage":{"rss":483180544,"heapTotal":370761728,"heapUsed":351345372,"external":38456926}},"os":{"loadavg":[2.0478515625,2.19677734375,2.203125],"uptime":9583},"trace":[{"column":27,"file":"internal/stream_base_commons.js","function":"Pipe.onStreamRead","line":200,"method":"onStreamRead","native":false}]}
2020-10-12T02:32:26.626Z - info: [ImportOrganizer] Stopping ImportOrganizer.
